
0.0.1-beta5

  * README
  * add new methods Contains, Empty, Last, First
  * add new methods
    - __Contains__(s type) bool: returns true if the value s exists in t.
    - __Empty__() bool: returns true if t is empty.
    - __Last__() type: returns first or defaut value
    - __First__() type: returns last or defaut value.


  - mh-cbon <mh-cbon@users.noreply.github.com>

-- mh-cbon <mh-cbon@users.noreply.github.com>; Mon, 01 May 2017 00:35:38 +0200



0.0.1-beta4

  * add __Filter__(f func(type) bool) []type: returns a new array with items matching f.

  - mh-cbon <mh-cbon@users.noreply.github.com>

-- mh-cbon <mh-cbon@users.noreply.github.com>; Sun, 30 Apr 2017 19:39:37 +0200



0.0.1-beta3

  * Changed type implementation: do not use type alias `type xx []yy`, prefer an embeded property of `[]y`
  * added test

  - mh-cbon <mh-cbon@users.noreply.github.com>

-- mh-cbon <mh-cbon@users.noreply.github.com>; Sun, 30 Apr 2017 19:27:20 +0200



0.0.1-beta2

  * fix constructor comment to use unpointed type
  * glide update

  - mh-cbon <mh-cbon@users.noreply.github.com>

-- mh-cbon <mh-cbon@users.noreply.github.com>; Sun, 30 Apr 2017 18:20:49 +0200



0.0.1-beta1

  * dep: add glide support
  * refactoring to use astutil package

  - mh-cbon <mh-cbon@users.noreply.github.com>

-- mh-cbon <mh-cbon@users.noreply.github.com>; Sat, 29 Apr 2017 15:59:26 +0200



0.0.1-beta

  * Project initialization.

  - mh-cbon <mh-cbon@users.noreply.github.com>

-- mh-cbon <mh-cbon@users.noreply.github.com>; Sat, 29 Apr 2017 14:57:56 +0200


